<?xml version="1.0" encoding="UTF-8"?>
<testsuite xmlns:xsi="http://www.w3.org/2001/XMLSchema-instance" xsi:schemaLocation="https://maven.apache.org/surefire/maven-surefire-plugin/xsd/surefire-test-report.xsd" name="omada5Test.ElearningProjectTest.testService.MaterialServiceTest" time="0.075" tests="5" errors="0" skipped="0" failures="0">
  <properties>
[...]
</properties>
  <testcase name="testCreateMaterialandAssignToExcistingCourse" classname="omada5Test.ElearningProjectTest.testService.MaterialServiceTest" time="0.013"/>
  <testcase name="testFindAllMaterials" classname="omada5Test.ElearningProjectTest.testService.MaterialServiceTest" time="0.014"/>
  <testcase name="updateExistingMaterial" classname="omada5Test.ElearningProjectTest.testService.MaterialServiceTest" time="0.019"/>
  <testcase name="testDeleteMaterials" classname="omada5Test.ElearningProjectTest.testService.MaterialServiceTest" time="0.015"/>
  <testcase name="testFindMaterialByCourse" classname="omada5Test.ElearningProjectTest.testService.MaterialServiceTest" time="0.014"/>
</testsuite>